0 info it worked if it ends with ok
1 verbose cli [ '/usr/bin/nodejs', '/usr/bin/npm', 'run', 'build' ]
2 info using npm@3.5.2
3 info using node@v4.2.6
4 verbose run-script [ 'prebuild', 'build', 'postbuild' ]
5 info lifecycle mindmaps@0.8.0~prebuild: mindmaps@0.8.0
6 silly lifecycle mindmaps@0.8.0~prebuild: no script for prebuild, continuing
7 info lifecycle mindmaps@0.8.0~build: mindmaps@0.8.0
8 verbose lifecycle mindmaps@0.8.0~build: unsafe-perm in lifecycle true
9 verbose lifecycle mindmaps@0.8.0~build: PATH: /usr/share/npm/bin/node-gyp-bin:/hometu/etudiants/l/e/E164297J/deuxieme année/Projet S3S4/mindmaps/node_modules/.bin:/opt/commun/lejos_nxj/bin:/bin:/sbin:/usr/bin:/usr/sbin:/usr/local:/usr/local/bin:/usr/local/sbin:/snap/bin
10 verbose lifecycle mindmaps@0.8.0~build: CWD: /hometu/etudiants/l/e/E164297J/deuxieme année/Projet S3S4/mindmaps
11 silly lifecycle mindmaps@0.8.0~build: Args: [ '-c', 'jake' ]
12 info lifecycle mindmaps@0.8.0~build: Failed to exec build script
13 verbose stack Error: mindmaps@0.8.0 build: `jake`
13 verbose stack spawn ENOENT
13 verbose stack     at ChildProcess.<anonymous> (/usr/share/npm/lib/utils/spawn.js:17:16)
13 verbose stack     at emitTwo (events.js:87:13)
13 verbose stack     at ChildProcess.emit (events.js:172:7)
13 verbose stack     at maybeClose (internal/child_process.js:821:16)
13 verbose stack     at Process.ChildProcess._handle.onexit (internal/child_process.js:211:5)
14 verbose pkgid mindmaps@0.8.0
15 verbose cwd /hometu/etudiants/l/e/E164297J/deuxieme année/Projet S3S4/mindmaps
16 error Linux 4.8.0-58-generic
17 error argv "/usr/bin/nodejs" "/usr/bin/npm" "run" "build"
18 error node v4.2.6
19 error npm  v3.5.2
20 error file sh
21 error code ELIFECYCLE
22 error errno ENOENT
23 error syscall spawn
24 error mindmaps@0.8.0 build: `jake`
24 error spawn ENOENT
25 error Failed at the mindmaps@0.8.0 build script 'jake'.
25 error Make sure you have the latest version of node.js and npm installed.
25 error If you do, this is most likely a problem with the mindmaps package,
25 error not with npm itself.
25 error Tell the author that this fails on your system:
25 error     jake
25 error You can get information on how to open an issue for this project with:
25 error     npm bugs mindmaps
25 error Or if that isn't available, you can get their info via:
25 error     npm owner ls mindmaps
25 error There is likely additional logging output above.
26 verbose exit [ 1, true ]
